This is e-TeXk, Version 3.141592-2.1 (Web2c 7.5.2) (format=latex 2004.10.18)  27 NOV 2005 19:32
entering extended mode
 %&-line parsing enabled.
 (c:/Programme/TeXLive/texmf/web2c/cp8bit.tcx)
**\makeatletter\def\HCode{\futurelet\HCode\HChar}\def\HChar{\ifx"\HCode\def\HCo
de"##1"{\Link##1}\expandafter\HCode\else\expandafter\Link\fi}\def\Link#1.a.b.c.
{\g@addto@macro\@documentclasshook{\RequirePackage[#1,html]{tex4ht}}\let\HCode\
documentstyle\def\documentstyle{\let\documentstyle\HCode\expandafter\def\csname
 tex4ht\endcsname{#1,html}\def\HCode####1{\documentstyle[tex4ht,}\@ifnextchar[{
\HCode}{\documentstyle[tex4ht]}}}\makeatother\HCode local,frames,4,png,html.a.b
.c.\input ant_latex_howto.ltx
(./ant_latex_howto.ltx
(c:/Programme/TeXLive/texmf/tex/latex/koma-script/scrartcl.cls
Document Class: scrartcl 2003/04/22 v2.9o LaTeX2e KOMA document class
(c:/Programme/TeXLive/texmf/tex/latex/koma-script/scrlfile.sty
Package: scrlfile 2003/04/22 v2.9o LaTeX2e KOMA package

Package scrlfile, 2003/04/22 v2.9o LaTeX2e KOMA package
                  Copyright (C) Markus Kohm

) (c:/Programme/TeXLive/texmf/tex/latex/base/size12.clo
File: size12.clo 2001/04/21 v1.4e Standard LaTeX file (size option)
)
(c:/Programme/TeXLive/texmf/tex/latex/koma-script/typearea.sty
Package: typearea 2003/04/22 v2.9o LaTeX2e KOMA package

Package typearea, 2003/04/22 v2.9o LaTeX2e KOMA package
                  Copyright (C) Frank Neukam, 1992-1994
                  Copyright (C) Markus Kohm, 1994-2002

\ta@bcor=\skip41
\ta@div=\count79
\ta@hblk=\skip42
\ta@vblk=\skip43
\ta@temp=\skip44
Package typearea Info: These are the values describing the layout:
(typearea)             DIV  = 12
(typearea)             BCOR = 0.0pt
(typearea)             \paperwidth      = 597.50793pt
(typearea)              \textwidth      = 448.13095pt
(typearea)              DIV-departure   = -6/100
(typearea)              \evensidemargin = 27.31467pt
(typearea)              \oddsidemargin  = -22.47766pt
(typearea)             \paperheight     = 845.04694pt
(typearea)              \textheight     = 635.5pt
(typearea)              \topmargin      = -41.72441pt
(typearea)              \headheight     = 18.125pt
(typearea)              \headsep        = 21.75pt
(typearea)              \topskip        = 12.0pt
(typearea)              \footskip       = 50.75pt
(typearea)              \baselineskip   = 14.5pt
(typearea)              on input line 625.
)
\c@part=\count80
\c@section=\count81
\c@subsection=\count82
\c@subsubsection=\count83
\c@paragraph=\count84
\c@subparagraph=\count85
\c@figure=\count86
\c@table=\count87
\abovecaptionskip=\skip45
\belowcaptionskip=\skip46
\c@pti@nb@sid@b@x=\box26
\bibindent=\dimen102
) (c:/Programme/TeXLive/texmf/tex/generic/tex4ht/tex4ht.sty
version 2003-05-21-09:13
Package: tex4ht 
--- Note --- for _ at preamble, use the command line option `early_'
--- Note --- for ^ at preamble, use the command line option `early^'
)
(c:/Programme/TeXLive/texmf/tex/generic/tex4ht/usepackage.4ht
version 2003-06-12-23:54
)
(c:/Programme/TeXLive/texmf/tex/latex/base/inputenc.sty
Package: inputenc 2001/07/10 v0.99a Input encoding file 

(c:/Programme/TeXLive/texmf/tex/latex/base/latin1.def
File: latin1.def 2001/07/10 v0.99a Input encoding file 
))
(c:/Programme/TeXLive/texmf/tex/latex/geometry/geometry.sty
Package: geometry 2002/07/08 v3.2 Page Geometry

(c:/Programme/TeXLive/texmf/tex/latex/graphics/keyval.sty
Package: keyval 1999/03/16 v1.13 key=value parser (DPC)
\KV@toks@=\toks14
)
\Gm@cnth=\count88
\Gm@cntv=\count89
\c@Gm@tempcnt=\count90
\Gm@bindingoffset=\dimen103
\Gm@wd@mp=\dimen104
\Gm@odd@mp=\dimen105
\Gm@even@mp=\dimen106
\Gm@dimlist=\toks15

(c:/Programme/TeXLive/texmf/tex/latex/geometry/geometry.cfg))
(c:/Programme/TeXLive/texmf/tex/latex/float/float.sty
Package: float 2001/11/08 v1.3d Float enhancements (AL)
\c@float@type=\count91
\float@exts=\toks16
\float@box=\box27
\@float@everytoks=\toks17
\@floatcapt=\box28
)
(c:/Programme/TeXLive/texmf/tex/latex/base/makeidx.sty
Package: makeidx 2000/03/29 v1.0m Standard LaTeX package
)
(c:/Programme/TeXLive/texmf/tex/latex/german/german.sty v2.5e 1998-07-08
Package: german 1998/07/08 v2.5e Support for writing german texts (br)
\grmnU@D=\dimen107
german -- \language number for Austrian undefined, default 4 used.
)
(c:/Programme/TeXLive/texmf/tex/latex/tools/array.sty
Package: array 1998/05/13 v2.3m Tabular extension package (FMi)
\col@sep=\dimen108
\extrarowheight=\dimen109
\NC@list=\toks18
\extratabsurround=\skip47
\backup@length=\skip48
)
(c:/Programme/TeXLive/texmf/tex/latex/graphics/graphicx.sty
Package: graphicx 1999/02/16 v1.0f Enhanced LaTeX Graphics (DPC,SPQR)

(c:/Programme/TeXLive/texmf/tex/latex/graphics/graphics.sty
Package: graphics 2001/07/07 v1.0n Standard LaTeX Graphics (DPC,SPQR)

(c:/Programme/TeXLive/texmf/tex/latex/graphics/trig.sty
Package: trig 1999/03/16 v1.09 sin cos tan (DPC)
)
(c:/Programme/TeXLive/texmf/tex/latex/texlive/graphics.cfg
File: graphics.cfg 2001/08/31 v1.1 graphics configuration of teTeX/TeXLive
)
Package graphics Info: Driver file: dvips.def on input line 80.

(c:/Programme/TeXLive/texmf/tex/latex/graphics/dvips.def
File: dvips.def 1999/02/16 v3.0i Driver-dependant file (DPC,SPQR)
))
\Gin@req@height=\dimen110
\Gin@req@width=\dimen111
)
(c:/Programme/TeXLive/texmf/tex/latex/germbib/bibgerm.sty
Package: bibgerm 2000/08/18 v0.1 Support for mixed language bibliographies

** Macros for german `BibTeX'ing added to Style Option `german' 20 Apr 1993 **
** idea and languages `german' and `USenglish' implemented by M. Wallmeier **
** Modified for LaTeX 2e and german.sty 2.5b by A. Scherer 1 Nov 1995 **
** Modified for ngerman.sty and babel.sty by H. Harders 21 August 2000 **)
(c:/Programme/TeXLive/texmf/tex/generic/misc/texnames.sty
This is texnames.sty, Version 1.09 <16 March 1993>
) (c:/Programme/TeXLive/texmf/tex/latex/supertabular/supertabular.sty
Package: supertabular 2002/07/19 v4.1e the supertabular environment
\c@tracingst=\count92
\ST@wd=\dimen112
\ST@rightskip=\skip49
\ST@leftskip=\skip50
\ST@parfillskip=\skip51
\ST@pageleft=\dimen113
\ST@headht=\dimen114
\ST@tailht=\dimen115
\ST@pagesofar=\dimen116
\ST@pboxht=\dimen117
\ST@lineht=\dimen118
\ST@stretchht=\dimen119
\ST@prevht=\dimen120
\ST@toadd=\dimen121
\ST@dimen=\dimen122
\ST@pbox=\box29
)
(c:/Programme/TeXLive/texmf/tex/latex/hyperref/hyperref.sty
Package: hyperref 2003/09/15 v6.74i Hypertext links for LaTeX
\@linkdim=\dimen123
\Hy@linkcounter=\count93
\Hy@pagecounter=\count94

(c:/Programme/TeXLive/texmf/tex/latex/hyperref/pd1enc.def
File: pd1enc.def 2003/09/15 v6.74i Hyperref: PDFDocEncoding definition (HO)
)
(c:/Programme/TeXLive/texmf/tex/latex/texlive/hyperref.cfg
File: hyperref.cfg 2002/06/06 v1.2 hyperref configuration of TeXLive
)
Package hyperref Info: Option `colorlinks' set `true' on input line 1829.
Package hyperref Info: Option `bookmarks' set `true' on input line 1829.


Package hyperref Warning: Token not allowed in a PDFDocEncoded string,
(hyperref)                removing `subscript' on input line 1829.

Package hyperref Info: Hyper figures OFF on input line 1879.
Package hyperref Info: Link nesting OFF on input line 1884.
Package hyperref Info: Hyper index ON on input line 1887.
Package hyperref Info: Plain pages ON on input line 1892.
Package hyperref Info: Backreferencing OFF on input line 1899.
Implicit mode ON; LaTeX internals redefined
Package hyperref Info: Bookmarks ON on input line 2003.
(c:/Programme/TeXLive/texmf-local/tex/latex/html/url.sty
Package: url 1999/03/02  ver 1.4  Verb mode for urls, email addresses, and file
 names
)
LaTeX Info: Redefining \url on input line 2142.
\Fld@menulength=\count95
\Field@Width=\dimen124
\Fld@charsize=\dimen125
\Choice@toks=\toks19
\Field@toks=\toks20
Package hyperref Info: Hyper figures OFF on input line 2617.
Package hyperref Info: Link nesting OFF on input line 2622.
Package hyperref Info: Hyper index ON on input line 2625.
Package hyperref Info: backreferencing OFF on input line 2632.
Package hyperref Info: Link coloring ON on input line 2635.

Hyperref stopped early
)
*hyperref using driver htex4ht*
(c:/Programme/TeXLive/texmf/tex/latex/hyperref/htex4ht.def
File: htex4ht.def 2003/09/15 v6.74i Hyperref driver for TeX4ht

hyperref tex4ht: tex4ht already loaded
) (c:/Programme/TeXLive/texmf-local/tex/latex/html/verbatimfiles.sty
\c@lineno=\count96
)
(c:/Programme/TeXLive/texmf/tex/latex/koma-script/scrtime.sty
Package: scrtime 2002/02/02 v1.1m LaTeX2e KOMA package
)
(c:/Programme/TeXLive/texmf/tex/latex/koma-script/scrpage.sty
Package: scrpage 2001/06/22 v1.3c KOMA package

*************************************
* Local config file scrpage.cfg used
*************************************
(c:/Programme/TeXLive/texmf-local/tex/latex/mataDoc/scrpage.cfg))
(c:/Programme/TeXLive/texmf-local/tex/latex/mataDoc/giaAPI.sty
Package: giaAPI 2002/07/17 v1.1b (C) 2002, Juergen A.Lamers, DokuTransData Aach
en

Package: `giaAPI' v1.1b <2002/07/17>
         (C) 2002, Juergen A.Lamers, DokuTransData Aachen
(c:/Programme/TeXLive/texmf/tex/latex/tools/calc.sty
Package: calc 1998/07/07 v4.1b Infix arithmetic (KKT,FJ)
\calc@Acount=\count97
\calc@Bcount=\count98
\calc@Adimen=\dimen126
\calc@Bdimen=\dimen127
\calc@Askip=\skip52
\calc@Bskip=\skip53
LaTeX Info: Redefining \setlength on input line 59.
LaTeX Info: Redefining \addtolength on input line 60.
\calc@denominator=\count99
)
(c:/Programme/TeXLive/texmf/tex/latex/base/textcomp.sty
Package: textcomp 2001/06/05 v1.94 Standard LaTeX package

(c:/Programme/TeXLive/texmf/tex/latex/base/ts1enc.def
File: ts1enc.def 2001/06/05 v3.0e (jk/car/fm) Standard LaTeX file
))
(c:/Programme/TeXLive/texmf/tex/latex/listings/listings.sty
Package: listings 2003/06/21 1.1 (Carsten Heinz)
\lst@mode=\count100
\lst@gtempboxa=\box30
\lst@token=\toks21
\lst@length=\count101
\lst@currlwidth=\dimen128
\lst@column=\count102
\lst@pos=\count103
\lst@lostspace=\dimen129
\lst@width=\dimen130
\lst@newlines=\count104
\lst@lineno=\count105
\c@lstlisting=\count106
\lst@maxwidth=\dimen131

(c:/Programme/TeXLive/texmf/tex/latex/listings/lstpatch.sty
File: lstpatch.sty 2003/08/13 1.1c (Carsten Heinz)
)
(c:/Programme/TeXLive/texmf/tex/latex/listings/lstmisc.sty
File: lstmisc.sty 2003/06/21 1.1 (Carsten Heinz)
\c@lstnumber=\count107
\lst@skipnumbers=\count108
\lst@framebox=\box31
)
(c:/Programme/TeXLive/texmf/tex/latex/listings/listings.cfg
File: listings.cfg 2003/08/13 1.1a listings configuration
))
(c:/Programme/TeXLive/texmf/tex/latex/graphics/color.sty
Package: color 1999/02/16 v1.0i Standard LaTeX Color (DPC)

(c:/Programme/TeXLive/texmf/tex/latex/texlive/color.cfg
File: color.cfg 2001/08/31 v1.1 color configuration of teTeX/TeXLive
)
Package color Info: Driver file: dvips.def on input line 125.

(c:/Programme/TeXLive/texmf/tex/latex/graphics/dvipsnam.def
File: dvipsnam.def 1999/02/16 v3.0i Driver-dependant file (DPC,SPQR)
))
(c:/Programme/TeXLive/texmf/tex/latex/listings/lstlang1.sty
File: lstlang1 2003/08/13 1.1a listings language file
)
(c:/Programme/TeXLive/texmf/tex/latex/listings/lstmisc.sty
File: lstmisc.sty 2003/06/21 1.1 (Carsten Heinz)
)
(c:/Programme/TeXLive/texmf/tex/latex/misc209/psboxit.sty
\gray@box=\box32
\gray@space=\dimen132
)
\@indexfile=\write3
\openout3 = `ant_latex_howto.idx'.


Writing index file ant_latex_howto.idx
\c@source=\count109
\tmplength=\skip54
) (c:/Programme/TeXLive/texmf-local/tex/latex/mataDoc/giaGlossar.sty
Package: giaGlossar 2002/08/02 v1.0b (C) 2002, Juergen A.Lamers, DokuTransData 
Aachen

Package: `giaGlossar' v1.0b <2002/08/02>
         (C) 2002, Juergen A.Lamers, DokuTransData Aachen
) (./local.cfg (c:/Programme/TeXLive/texmf/tex/generic/tex4ht/tex4ht.4ht
version 2003-01-15-17:48
--- Note --- for additional information, use the command line option `info'

::::::::::::::::::::::::::::::::::::::::::
 TeX4ht info is available in the log file 
::::::::::::::::::::::::::::::::::::::::::
) (c:/Programme/TeXLive/texmf/tex/generic/tex4ht/tex4ht.sty
version 2003-05-21-09:13

--- needs --- tex4ht ant_latex_howto ---
\tmp:cnt=\count110
\openout15 = `ant_latex_howto.tmp'.

(./ant_latex_howto.tmp)
\tmp:toks=\toks22
\tmp:dim=\skip55
 (./ant_latex_howto.xref)
\:refout=\write4
\openout4 = `ant_latex_howto.xref'.


(c:/Programme/TeXLive/texmf/tex/generic/tex4ht/html4.4ht
version 2003-06-04-21:57
--- \Configure{PROLOG}{VERSION,DOCTYPE,*XML-STYLESHEET} ---
--- Note --- to remove the DOCTYPE declaration use the command line option `no-
DOCTYPE'
)
(c:/Programme/TeXLive/texmf/tex/generic/tex4ht/html4-math.4ht
version 2003-06-04-21:57
)
--- Note --- for marking of the base font, use the command line option `fonts+'

--- Note --- for non active _, use the command line option `no_'
--- Note --- for _ of catcode 13, use the command line option `_13'
--- Note --- for non actine ^, use the command line option `no^'
--- Note --- for ^ of catcode 13, use the command line option `^13'

(c:/Programme/TeXLive/texmf/tex/generic/tex4ht/html4.4ht
version 2003-06-04-21:57
--- Note --- for alternative charset, use the command line option `charset=...'

--- Note --- for jpg bitmaps, use the `jpg' command line option
TeX4ht package options: frames,4,png,html
--- Note --- for pop ups on mouse over, use the command line option `mouseover'

--- Note --- for addressing images in a subdirectory, use the command line opti
on `imgdir:.../'
)
(c:/Programme/TeXLive/texmf/tex/generic/tex4ht/html4-math.4ht
version 2003-06-04-21:57
)
\:tokwrite=\toks23
\:tokpage=\toks24
--- Note --- for back links to toc, use the command line option `sections+'
--- Note --- for linear crosslinks of pages, use the command line option `next'

\openout15 = `ant_latex_howto.4ct'.

\:tocout=\write5
\openout5 = `ant_latex_howto.4tc'.


(c:/Programme/TeXLive/texmf/tex/generic/tex4ht/html4.4ht
version 2003-06-04-21:57
)
(c:/Programme/TeXLive/texmf/tex/generic/tex4ht/html4-math.4ht
version 2003-06-04-21:57
)
(c:/Programme/TeXLive/texmf/tex/generic/tex4ht/latex.4ht
version 2003-06-12-23:54
--- Note --- for links into captions, instead of float heads, use the command l
ine option `refcaption'

(c:/Programme/TeXLive/texmf/tex/generic/tex4ht/html4.4ht
version 2003-06-04-21:57
--- Note --- for stricter html code, use the command line option `html+'
--- Note --- for inline footnotes use command line option `fn-in'
--- Note --- for bitmap fbox'es, use the command line option `pic-fbox'
--- Note --- for bitmap framebox'es, use the command line option `pic-framebox'

--- Note --- for tracing of latex font commands, use the command line option `f
onts'
)
(c:/Programme/TeXLive/texmf/tex/generic/tex4ht/html4-math.4ht
version 2003-06-04-21:57
--- Note --- for pictorial $...$ environments, use the command line option `pic
-m' (not recommended!!)
--- Note --- for pictorial $...$ and $$...$$ environments with latex alt, use t
he command line option `pic-m+' (not safe!!)
))
(c:/Programme/TeXLive/texmf/tex/generic/tex4ht/fontmath.4ht
version 2003-06-12-23:54

(c:/Programme/TeXLive/texmf/tex/generic/tex4ht/html4.4ht
version 2003-06-04-21:57
)
(c:/Programme/TeXLive/texmf/tex/generic/tex4ht/html4-math.4ht
version 2003-06-04-21:57
))
(c:/Programme/TeXLive/texmf/tex/generic/tex4ht/scrartcl.4ht
version 2003-06-12-23:54

(c:/Programme/TeXLive/texmf/tex/generic/tex4ht/article.4ht
version 2003-06-12-23:54

(c:/Programme/TeXLive/texmf/tex/generic/tex4ht/html4.4ht
version 2003-06-04-21:57
--- Note --- for tocs without * entries, use command line option `notoc*'
--- Note --- for tocs without * entries, use command line option `notoc*'
--- Note --- for tocs without * entries, use command line option `notoc*'
--- Note --- to eliminate mini tables of contents, use the command line option 
`nominitoc'
--- Note --- to eliminate mini tables of contents, use the command line option 
`nominitoc'
)
(c:/Programme/TeXLive/texmf/tex/generic/tex4ht/html4-math.4ht
version 2003-06-04-21:57
))
(c:/Programme/TeXLive/texmf/tex/generic/tex4ht/html4.4ht
version 2003-06-04-21:57
)
(c:/Programme/TeXLive/texmf/tex/generic/tex4ht/html4-math.4ht
version 2003-06-04-21:57
))
(c:/Programme/TeXLive/texmf/tex/generic/tex4ht/inputenc.4ht
version 2003-06-12-23:54

(c:/Programme/TeXLive/texmf/tex/generic/tex4ht/html4.4ht
version 2003-06-04-21:57
)
(c:/Programme/TeXLive/texmf/tex/generic/tex4ht/html4-math.4ht
version 2003-06-04-21:57
))
(c:/Programme/TeXLive/texmf/tex/generic/tex4ht/latin1.4ht
version 2003-06-12-23:54

(c:/Programme/TeXLive/texmf/tex/generic/tex4ht/html4.4ht
version 2003-06-04-21:57
)
(c:/Programme/TeXLive/texmf/tex/generic/tex4ht/html4-math.4ht
version 2003-06-04-21:57
))
(c:/Programme/TeXLive/texmf/tex/generic/tex4ht/float.4ht
version 2003-06-12-23:54

(c:/Programme/TeXLive/texmf/tex/generic/tex4ht/html4.4ht
version 2003-06-04-21:57
)
(c:/Programme/TeXLive/texmf/tex/generic/tex4ht/html4-math.4ht
version 2003-06-04-21:57
))
(c:/Programme/TeXLive/texmf/tex/generic/tex4ht/makeidx.4ht
version 2003-06-12-23:54

(c:/Programme/TeXLive/texmf/tex/generic/tex4ht/html4.4ht
version 2003-06-04-21:57
)
(c:/Programme/TeXLive/texmf/tex/generic/tex4ht/html4-math.4ht
version 2003-06-04-21:57
))
(c:/Programme/TeXLive/texmf/tex/generic/tex4ht/german.4ht
version 2003-06-12-23:54

(c:/Programme/TeXLive/texmf/tex/generic/tex4ht/html4.4ht
version 2003-06-04-21:57
)
(c:/Programme/TeXLive/texmf/tex/generic/tex4ht/html4-math.4ht
version 2003-06-04-21:57
))
(c:/Programme/TeXLive/texmf/tex/generic/tex4ht/array.4ht
version 2003-06-12-23:54

(c:/Programme/TeXLive/texmf/tex/generic/tex4ht/html4.4ht
version 2003-06-04-21:57
)
(c:/Programme/TeXLive/texmf/tex/generic/tex4ht/html4-math.4ht
version 2003-06-04-21:57
))
(c:/Programme/TeXLive/texmf/tex/generic/tex4ht/graphics.4ht
version 2003-06-12-23:54

(c:/Programme/TeXLive/texmf/tex/generic/tex4ht/html4.4ht
version 2003-06-04-21:57
--- Note --- if included graphics are of degraded quality, try the command line
 option `graphics-'
)
(c:/Programme/TeXLive/texmf/tex/generic/tex4ht/html4-math.4ht
version 2003-06-04-21:57
))
(c:/Programme/TeXLive/texmf/tex/generic/tex4ht/supertabular.4ht
version 2003-06-12-23:54

(c:/Programme/TeXLive/texmf/tex/generic/tex4ht/html4.4ht
version 2003-06-04-21:57
)
(c:/Programme/TeXLive/texmf/tex/generic/tex4ht/html4-math.4ht
version 2003-06-04-21:57
))
(c:/Programme/TeXLive/texmf/tex/generic/tex4ht/hyperref.4ht
version 2003-06-12-23:54

(c:/Programme/TeXLive/texmf/tex/generic/tex4ht/html4.4ht
version 2003-06-04-21:57
)
(c:/Programme/TeXLive/texmf/tex/generic/tex4ht/html4-math.4ht
version 2003-06-04-21:57
))
(c:/Programme/TeXLive/texmf/tex/generic/tex4ht/url.4ht
version 2003-06-12-23:54

(c:/Programme/TeXLive/texmf/tex/generic/tex4ht/html4.4ht
version 2003-06-04-21:57
)
(c:/Programme/TeXLive/texmf/tex/generic/tex4ht/html4-math.4ht
version 2003-06-04-21:57
))
(c:/Programme/TeXLive/texmf/tex/generic/tex4ht/verbatimfiles.4ht
version 2003-06-12-23:54

(c:/Programme/TeXLive/texmf/tex/generic/tex4ht/html4.4ht
version 2003-06-04-21:57
)
(c:/Programme/TeXLive/texmf/tex/generic/tex4ht/html4-math.4ht
version 2003-06-04-21:57
))
(c:/Programme/TeXLive/texmf/tex/generic/tex4ht/listings.4ht
version 2003-06-12-23:54

(c:/Programme/TeXLive/texmf/tex/generic/tex4ht/html4.4ht
version 2003-06-04-21:57
--- Note --- to ensure proper alignments use fixed size fonts (see listings.dtx
)
)
(c:/Programme/TeXLive/texmf/tex/generic/tex4ht/html4-math.4ht
version 2003-06-04-21:57
))
(c:/Programme/TeXLive/texmf/tex/generic/tex4ht/color.4ht
version 2003-06-12-23:54

(c:/Programme/TeXLive/texmf/tex/generic/tex4ht/html4.4ht
version 2003-06-04-21:57
)
(c:/Programme/TeXLive/texmf/tex/generic/tex4ht/html4-math.4ht
version 2003-06-04-21:57
))
(c:/Programme/TeXLive/texmf/tex/generic/tex4ht/dvipsnam.4ht
version 2003-06-12-23:54

(c:/Programme/TeXLive/texmf/tex/latex/graphics/dvipsnam.def)
(c:/Programme/TeXLive/texmf/tex/generic/tex4ht/html4.4ht
version 2003-06-04-21:57
)
(c:/Programme/TeXLive/texmf/tex/generic/tex4ht/html4-math.4ht
version 2003-06-04-21:57
))
(c:/Programme/TeXLive/texmf/tex/generic/tex4ht/th4.4ht
version 2003-06-12-23:54
--- Note --- for javascript support, use the command line option `javascript'
--- Note --- for java support, use the command line option `java'
--- Note --- for image maps support, use the command line option `image-maps'
--- Note --- for frames support, use the command line option `frames-' or `fram
es'

(c:/Programme/TeXLive/texmf/tex/generic/tex4ht/html4.4ht
version 2003-06-04-21:57
)
(c:/Programme/TeXLive/texmf/tex/generic/tex4ht/html4-math.4ht
version 2003-06-04-21:57
))
(c:/Programme/TeXLive/texmf/tex/generic/tex4ht/html4.4ht
version 2003-06-04-21:57
)
(c:/Programme/TeXLive/texmf/tex/generic/tex4ht/html4-math.4ht
version 2003-06-04-21:57
))
(./ant_latex_howto.aux (./appendix.aux))
\openout1 = `ant_latex_howto.aux'.

LaTeX Font Info:    Checking defaults for OML/cmm/m/it on input line 2.
LaTeX Font Info:    ... okay on input line 2.
LaTeX Font Info:    Checking defaults for T1/cmr/m/n on input line 2.
LaTeX Font Info:    ... okay on input line 2.
LaTeX Font Info:    Checking defaults for OT1/cmr/m/n on input line 2.
LaTeX Font Info:    ... okay on input line 2.
LaTeX Font Info:    Checking defaults for OMS/cmsy/m/n on input line 2.
LaTeX Font Info:    ... okay on input line 2.
LaTeX Font Info:    Checking defaults for OMX/cmex/m/n on input line 2.
LaTeX Font Info:    ... okay on input line 2.
LaTeX Font Info:    Checking defaults for U/cmr/m/n on input line 2.
LaTeX Font Info:    ... okay on input line 2.
LaTeX Font Info:    Checking defaults for PD1/pdf/m/n on input line 2.
LaTeX Font Info:    ... okay on input line 2.
LaTeX Font Info:    Checking defaults for TS1/cmr/m/n on input line 2.
LaTeX Font Info:    Try loading font information for TS1+cmr on input line 2.

(c:/Programme/TeXLive/texmf/tex/latex/base/ts1cmr.fd
File: ts1cmr.fd 1999/05/25 v2.5h Standard LaTeX font definitions
)
LaTeX Font Info:    ... okay on input line 2.
-------------------- Geometry parameters
paper: a4paper
landscape: --
twocolumn: --
twoside: true
asymmetric: --
h-parts: 56.9055pt, 455.24413pt, 85.35825pt
v-parts: 101.40665pt, 0.7\paperheight , 152.11pt (default)
hmarginratio: 2:3
vmarginratio: 2:3
lines: --
heightrounded: --
bindingoffset: 0.0pt
truedimen: --
includehead: --
includefoot: --
includemp: --
driver: 
-------------------- Page layout dimensions and switches
\paperwidth  597.50787pt
\paperheight 845.04684pt
\textwidth  455.24413pt
\textheight 591.5302pt
\oddsidemargin  0.0pt
\evensidemargin 0.0pt
\topmargin  -10.73834pt
\headheight 18.125pt
\headsep    21.75pt
\footskip   50.75pt
\marginparwidth 74.68849pt
\marginparsep   12.8401pt
\columnsep  10.0pt
\skip\footins  10.8pt plus 4.0pt minus 2.0pt
\hoffset 0.0pt
\voffset 0.0pt
\mag 1000
\@twosidetrue \@mparswitchtrue 
(1in=72.27pt, 1cm=28.45pt)
-----------------------


bibgerm.sty: (n)german.sty 2.5b detected

Package hyperref Info: Link coloring ON on input line 2.
LaTeX Info: Redefining \ref on input line 2.
LaTeX Info: Redefining \pageref on input line 2.
--- file ant_latex_howto.css ---
--- file ant_latex_howto.css ---
[1

]
--- file ant_latex_howto2.html ---
 (./ant_latex_howto.4ct) [2]
--- file ant_latex_howto3.html ---
) [1

] [2]
LaTeX Font Info:    External font `cmex10' loaded for size
(Font)              <17.28> on input line 130.
LaTeX Font Info:    External font `cmex10' loaded for size
(Font)              <12> on input line 130.
 (./disclaimer.tex (./abstract.tex))
(./script.tex
--- file ant_latex_howtose1.html ---
 [1

] [2]
--- file ant_latex_howtose2.html ---
 (./ant_latex_howto.4ct)
--- file ant_latex_howtosu1.html ---
 [3

] [4]
LaTeX Font Info:    External font `cmex10' loaded for size
(Font)              <8> on input line 64.
LaTeX Font Info:    External font `cmex10' loaded for size
(Font)              <6> on input line 64.
 [5] [6] [7]
--- file ant_latex_howto7.html ---
 [8

] [9]
--- file ant_latex_howtosu2.html ---

[10

] [11] [12]

LaTeX Font Warning: Font shape `OT1/cmss/bx/sc' undefined
(Font)              using `OT1/cmss/bx/n' instead on input line 232.

[13] [14]) [15]
\openout2 = `appendix.aux'.

 (./appendix.tex [16

] [17

]
--- file ant_latex_howtose3.html ---
 (./beispiele/build.xml [18

])
(./beispiele/build.properties [19]) (./beispiele/latex.xml [20] [21] [22]
[23])) [24] [25

] [26

] (./ant_latex_howto.aux (./appendix.aux))

LaTeX Font Warning: Some font shapes were not available, defaults substituted.

 ) 
Here is how much of TeX's memory you used:
 9007 strings out of 95619
 121618 string characters out of 1192068
 264028 words of memory out of 1712211
 11748 multiletter control sequences out of 10000+50000
 9973 words of font info for 37 fonts, out of 1000000 for 2000
 103 hyphenation exceptions out of 1000
 42i,10n,74p,757b,551s stack positions out of 5000i,500n,6000p,200000b,40000s

Output written on ant_latex_howto.dvi (30 pages, 120928 bytes).
